<?xml version="1.0" encoding="UTF-8"?>
<testsuite name="com.araxsys.repositories.UserRepositoryTest" time="3.363" tests="1" errors="0" skipped="0" failures="1">
  <properties>
[...]
</properties>
  <testcase name="testSaveUser" classname="com.araxsys.repositories.UserRepositoryTest" time="3.363">
    <failure message="expected:&lt;3&gt; but was:&lt;1&gt;" type="java.lang.AssertionError"><![CDATA[java.lang.AssertionError: expected:<3> but was:<1>
	at org.junit.Assert.fail(Assert.java:88)
	at org.junit.Assert.failNotEquals(Assert.java:834)
	at org.junit.Assert.assertEquals(Assert.java:645)
	at org.junit.Assert.assertEquals(Assert.java:631)
	at com.araxsys.repositories.UserRepositoryTest.testSaveUser(UserRepositoryTest.java:58)
]]></failure>
    <system-out><![CDATA[2015-10-05 12:00:38.435  INFO 15456 --- [           main] o.s.t.c.s.DefaultTestContextBootstrapper : Loaded default TestExecutionListener class names from location [META-INF/spring.factories]: [org.springframework.test.context.web.ServletTestExecutionListener, org.springframework.test.context.support.DependencyInjectionTestExecutionListener, org.springframework.test.context.support.DirtiesContextTestExecutionListener, org.springframework.test.context.transaction.TransactionalTestExecutionListener, org.springframework.test.context.jdbc.SqlScriptsTestExecutionListener]
2015-10-05 12:00:38.436  INFO 15456 --- [           main] o.s.t.c.s.DefaultTestContextBootstrapper : Using TestExecutionListeners: [org.springframework.test.context.web.ServletTestExecutionListener@76b07f29, org.springframework.test.context.support.DependencyInjectionTestExecutionListener@38af9828, org.springframework.test.context.support.DirtiesContextTestExecutionListener@376a0d86, org.springframework.test.context.transaction.TransactionalTestExecutionListener@62656be4, org.springframework.test.context.jdbc.SqlScriptsTestExecutionListener@17d919b6]

  .   ____          _            __ _ _
 /\\ / ___'_ __ _ _(_)_ __  __ _ \ \ \ \
( ( )\___ | '_ | '_| | '_ \/ _` | \ \ \ \
 \\/  ___)| |_)| | | | | || (_| |  ) ) ) )
  '  |____| .__|_| |_|_| |_\__, | / / / /
 =========|_|==============|___/=/_/_/_/
 :: Spring Boot ::        (v1.2.6.RELEASE)

2015-10-05 12:00:38.559  INFO 15456 --- [           main] c.a.repositories.UserRepositoryTest      : Starting UserRepositoryTest on Dakotabrant with PID 15456 (C:\Users\Dakota\git\Capstone\Capstone\target\test-classes started by Dakota in C:\Users\Dakota\git\Capstone\Capstone)
2015-10-05 12:00:38.637  INFO 15456 --- [           main] s.c.a.AnnotationConfigApplicationContext : Refreshing org.springframework.context.annotation.AnnotationConfigApplicationContext@3eb91815: startup date [Mon Oct 05 12:00:38 CDT 2015]; root of context hierarchy
2015-10-05 12:00:49.511  INFO 15456 --- [           main] j.LocalContainerEntityManagerFactoryBean : Building JPA container EntityManagerFactory for persistence unit 'default'
2015-10-05 12:00:49.572  INFO 15456 --- [           main] o.hibernate.jpa.internal.util.LogHelper  : HHH000204: Processing PersistenceUnitInfo [
	name: default
	...]
2015-10-05 12:00:49.784  INFO 15456 --- [           main] org.hibernate.Version                    : HHH000412: Hibernate Core {4.3.11.Final}
2015-10-05 12:00:49.791  INFO 15456 --- [           main] org.hibernate.cfg.Environment            : HHH000206: hibernate.properties not found
2015-10-05 12:00:49.796  INFO 15456 --- [           main] org.hibernate.cfg.Environment            : HHH000021: Bytecode provider name : javassist
2015-10-05 12:00:50.388  INFO 15456 --- [           main] o.hibernate.annotations.common.Version   : HCANN000001: Hibernate Commons Annotations {4.0.5.Final}
2015-10-05 12:00:50.572  INFO 15456 --- [           main] org.hibernate.dialect.Dialect            : HHH000400: Using dialect: org.hibernate.dialect.MySQL5Dialect
2015-10-05 12:00:50.983  INFO 15456 --- [           main] o.h.h.i.ast.ASTQueryTranslatorFactory    : HHH000397: Using ASTQueryTranslatorFactory
2015-10-05 12:00:52.971  INFO 15456 --- [           main] roperties$SimpleAuthenticationProperties : 

Using default password for shell access: 2c6a9151-05bb-4ba6-90ff-c4550354ef95


2015-10-05 12:00:57.639  INFO 15456 --- [           main] c.a.repositories.UserRepositoryTest      : Started UserRepositoryTest in 19.182 seconds (JVM running for 22.429)
]]></system-out>
  </testcase>
</testsuite>